<?xml version="1.0" encoding="UTF-8"?>
<!-- Generated by org.testng.reporters.JUnitXMLReporter -->
<testsuite hostname="ADMIN-PC" ignored="0" name="Test" tests="1" failures="0" timestamp="19 Apr 2018 17:29:54 GMT" time="0.167" errors="0">
  <testcase name="@BeforeMethod beforeMethod" time="0.077" classname="mavenProject.myProject.loginTest">
    <failure type="java.lang.NullPointerException">
      <![CDATA[java.lang.NullPointerException
	at mavenProject.myProject.loginTest.beforeMethod(loginTest.java:27)
... Removed 27 stack frames]]>
    </failure>
  </testcase> <!-- @BeforeMethod beforeMethod -->
  <testcase name="login" time="0.001" classname="mavenProject.myProject.loginTest">
    <skipped/>
  </testcase> <!-- login -->
</testsuite> <!-- Test -->
