<?xml version="1.0" encoding="UTF-8"?>
<!-- Generated by org.testng.reporters.JUnitXMLReporter -->
<testsuite hostname="ADMIN-PC" ignored="0" name="Test" tests="1" failures="1" timestamp="20 Apr 2018 04:19:14 GMT" time="45.002" errors="0">
  <testcase name="loginTest" time="0.144" classname="Test.loginTest">
    <failure type="java.lang.NullPointerException">
      <![CDATA[java.lang.NullPointerException
at page.LoginPage.<init>(LoginPage.java:8)
at Test.loginTest.loginTest(loginTest.java:20)
... Removed 25 stack frames]]>
    </failure>
  </testcase> <!-- loginTest -->
</testsuite> <!-- Test -->
